<?xml version="1.0" encoding="UTF-8"?>
<!-- Generated by org.testng.reporters.JUnitReportReporter -->
<testsuite hostname="DESKTOP-0L5D1S3" failures="0" tests="1" name="com.amazon.script.Validate_CheckBox" time="6.838" errors="0" timestamp="2024-03-16T08:48:08 IST" skipped="0">
  <testcase classname="com.amazon.script.Validate_CheckBox" name="validateChkBox" time="6.838"/>
  <system-out/>
</testsuite> <!-- com.amazon.script.Validate_CheckBox -->
