<?xml version="1.0" encoding="UTF-8"?>
<!-- Generated by org.testng.reporters.JUnitReportReporter -->
<testsuite hostname="DESKTOP-0L5D1S3" failures="0" tests="1" name="com.amazon.script.Validate_HomePage" time="14.938" errors="0" timestamp="2024-03-16T08:48:07 IST" skipped="0">
  <testcase classname="com.amazon.script.Validate_HomePage" name="validateHomePage" time="14.938"/>
  <system-out/>
</testsuite> <!-- com.amazon.script.Validate_HomePage -->
