<?xml version="1.0" encoding="UTF-8"?>
<!-- Generated by org.testng.reporters.JUnitReportReporter -->
<testsuite hostname="DESKTOP-0L5D1S3" failures="0" tests="1" name="com.amazon.script.Validate_CreateUser" time="28.476" errors="0" timestamp="2024-03-15T09:46:01 IST" skipped="0">
  <testcase classname="com.amazon.script.Validate_CreateUser" name="validateCreateUser" time="28.476"/>
  <system-out/>
</testsuite> <!-- com.amazon.script.Validate_CreateUser -->
