<?xml version="1.0" encoding="UTF-8"?>
<!-- Generated by org.testng.reporters.JUnitReportReporter -->
<testsuite hostname="DESKTOP-0L5D1S3" failures="0" tests="1" name="com.amazon.script.Validate_HomePage_Title" time="11.789" errors="0" timestamp="2024-03-15T09:43:41 IST" skipped="0">
  <testcase classname="com.amazon.script.Validate_HomePage_Title" name="validateHomePageTitle" time="11.789"/>
  <system-out/>
</testsuite> <!-- com.amazon.script.Validate_HomePage_Title -->
