<?xml version="1.0" encoding="UTF-8"?>
<!-- Generated by org.testng.reporters.JUnitReportReporter -->
<testsuite hostname="DESKTOP-0L5D1S3" failures="0" tests="1" name="com.amazon.script.Validate_Invalid_LoginPage" time="12.085" errors="0" timestamp="2024-03-15T09:43:41 IST" skipped="0">
  <testcase classname="com.amazon.script.Validate_Invalid_LoginPage" name="validateInvalidLoginPage" time="12.085"/>
  <system-out/>
</testsuite> <!-- com.amazon.script.Validate_Invalid_LoginPage -->
